<?xml version="1.0" encoding="UTF-8"?>
<!-- Generated by org.testng.reporters.JUnitReportReporter -->
<testsuite hostname="PNVD222" failures="0" tests="3" name="selenium.webdriver1.App" time="2.162" errors="0" timestamp="08 Jan 2022 03:32:37 GMT" skipped="0">
  <testcase classname="selenium.webdriver1.App" name="TC_01_ValidateCurrentUrl" time="0.339"/>
  <testcase classname="selenium.webdriver1.App" name="TC_03_LoginFormDisplayed" time="1.725"/>
  <testcase classname="selenium.webdriver1.App" name="TC_02_ValidatePageTitle" time="0.098"/>
</testsuite> <!-- selenium.webdriver1.App -->
